                Time          Cycles PC       Instr    Mnemonic
                 301              12 00000000 00002503 lw               x10, 0(x0)          x10=b1f05663  PA:00000000
                 401              17 00000000 00002083 lw               x1, 0(x0)            x1=46df998d  PA:00000000
                 501              22 00000000 00150533 add              x10, x10, x1        x10=f8cfeff0 x10:b1f05663  x1:46df998d
                 601              27 00000000 00a02023 sw               x10, 0(x0)          x10:f8cfeff0  PA:00000000
                 621              28 00000004 00a02023 sw               x10, 0(x0)          x10:f8cfeff0  PA:00000000
                 641              29 00000008 00a02023 sw               x10, 0(x0)          x10:f8cfeff0  PA:00000000
                 661              30 0000000c 00a02023 sw               x10, 0(x0)          x10:f8cfeff0  PA:00000000
                 681              31 00000010 00a02023 sw               x10, 0(x0)          x10:f8cfeff0  PA:00000000
                 701              32 00000014 00a02023 sw               x10, 0(x0)          x10:f8cfeff0  PA:00000000
                 721              33 00000018 00a02023 sw               x10, 0(x0)          x10:f8cfeff0  PA:00000000
                 741              34 0000001c 00a02023 sw               x10, 0(x0)          x10:f8cfeff0  PA:00000000
                 761              35 00000020 00a02023 sw               x10, 0(x0)          x10:f8cfeff0  PA:00000000
                 781              36 00000024 00a02023 sw               x10, 0(x0)          x10:f8cfeff0  PA:00000000
                 801              37 00000028 00a02023 sw               x10, 0(x0)          x10:f8cfeff0  PA:00000000
                 821              38 0000002c 00a02023 sw               x10, 0(x0)          x10:f8cfeff0  PA:00000000
                 841              39 00000030 00a02023 sw               x10, 0(x0)          x10:f8cfeff0  PA:00000000
                 861              40 00000034 00a02023 sw               x10, 0(x0)          x10:f8cfeff0  PA:00000000
                 881              41 00000038 00a02023 sw               x10, 0(x0)          x10:f8cfeff0  PA:00000000
                 901              42 0000003c 00a02023 sw               x10, 0(x0)          x10:f8cfeff0  PA:00000000
                 921              43 00000040 00a02023 sw               x10, 0(x0)          x10:f8cfeff0  PA:00000000
                 941              44 00000044 00a02023 sw               x10, 0(x0)          x10:f8cfeff0
                1081               4 00000000 00a02023 sw               x10, 0(x0)          x10:00000000  PA:00000000
                1101               5 00000004 00a02023 sw               x10, 0(x0)          x10:00000000  PA:00000000
                1121               6 00000008 00a02023 sw               x10, 0(x0)          x10:00000000  PA:00000000
                1141               7 0000000c 00a02023 sw               x10, 0(x0)          x10:00000000  PA:00000000
                1161               8 00000010 00a02023 sw               x10, 0(x0)          x10:00000000  PA:00000000
                1181               9 00000014 00a02023 sw               x10, 0(x0)          x10:00000000  PA:00000000
                1201              10 00000018 00a02023 sw               x10, 0(x0)          x10:00000000  PA:00000000
                1221              11 0000001c 00a02023 sw               x10, 0(x0)          x10:00000000  PA:00000000
                1241              12 00000020 00002383 lw               x7, 0(x0)            x7=1e8dcd3d  PA:00000000
                1341              17 00000000 00002783 lw               x15, 0(x0)          x15=462df78c  PA:00000000
                1441              22 00000000 00f38333 add              x6, x7, x15          x6=64bbc4c9  x7:1e8dcd3d x15:462df78c
                1541              27 00000000 00602023 sw               x6, 0(x0)            x6:64bbc4c9  PA:00000000
                1561              28 00000004 00602023 sw               x6, 0(x0)            x6:64bbc4c9  PA:00000000
                1581              29 00000008 00602023 sw               x6, 0(x0)            x6:64bbc4c9  PA:00000000
                1601              30 0000000c 00602023 sw               x6, 0(x0)            x6:64bbc4c9  PA:00000000
                1621              31 00000010 00602023 sw               x6, 0(x0)            x6:64bbc4c9  PA:00000000
                1641              32 00000014 00602023 sw               x6, 0(x0)            x6:64bbc4c9  PA:00000000
                1661              33 00000018 00602023 sw               x6, 0(x0)            x6:64bbc4c9  PA:00000000
                1681              34 0000001c 00602023 sw               x6, 0(x0)            x6:64bbc4c9  PA:00000000
                1701              35 00000020 00602023 sw               x6, 0(x0)            x6:64bbc4c9  PA:00000000
                1721              36 00000024 00602023 sw               x6, 0(x0)            x6:64bbc4c9  PA:00000000
                1741              37 00000028 00602023 sw               x6, 0(x0)            x6:64bbc4c9  PA:00000000
                1761              38 0000002c 00602023 sw               x6, 0(x0)            x6:64bbc4c9  PA:00000000
                1781              39 00000030 00602023 sw               x6, 0(x0)            x6:64bbc4c9  PA:00000000
                1801              40 00000034 00602023 sw               x6, 0(x0)            x6:64bbc4c9  PA:00000000
                1821              41 00000038 00602023 sw               x6, 0(x0)            x6:64bbc4c9  PA:00000000
                1841              42 0000003c 00602023 sw               x6, 0(x0)            x6:64bbc4c9  PA:00000000
                1861              43 00000040 00602023 sw               x6, 0(x0)            x6:64bbc4c9  PA:00000000
                1881              44 00000044 00602023 sw               x6, 0(x0)            x6:64bbc4c9
                2021               4 00000000 00602023 sw               x6, 0(x0)            x6:00000000  PA:00000000
                2041               5 00000004 00602023 sw               x6, 0(x0)            x6:00000000  PA:00000000
                2061               6 00000008 00602023 sw               x6, 0(x0)            x6:00000000  PA:00000000
                2081               7 0000000c 00602023 sw               x6, 0(x0)            x6:00000000  PA:00000000
                2101               8 00000010 00602023 sw               x6, 0(x0)            x6:00000000  PA:00000000
                2121               9 00000014 00602023 sw               x6, 0(x0)            x6:00000000  PA:00000000
                2141              10 00000018 00602023 sw               x6, 0(x0)            x6:00000000  PA:00000000
                2161              11 0000001c 00602023 sw               x6, 0(x0)            x6:00000000  PA:00000000
                2181              12 00000020 00002783 lw               x15, 0(x0)          x15=bbd27277  PA:00000000
                2281              17 00000000 00002783 lw               x15, 0(x0)          x15=47ecdb8f  PA:00000000
                2381              22 00000000 00f784b3 add              x9, x15, x15         x9=8fd9b71e x15:47ecdb8f x15:47ecdb8f
                2481              27 00000000 00902023 sw               x9, 0(x0)            x9:8fd9b71e  PA:00000000
                2501              28 00000004 00902023 sw               x9, 0(x0)            x9:8fd9b71e  PA:00000000
                2521              29 00000008 00902023 sw               x9, 0(x0)            x9:8fd9b71e  PA:00000000
                2541              30 0000000c 00902023 sw               x9, 0(x0)            x9:8fd9b71e  PA:00000000
                2561              31 00000010 00902023 sw               x9, 0(x0)            x9:8fd9b71e  PA:00000000
                2581              32 00000014 00902023 sw               x9, 0(x0)            x9:8fd9b71e  PA:00000000
                2601              33 00000018 00902023 sw               x9, 0(x0)            x9:8fd9b71e  PA:00000000
                2621              34 0000001c 00902023 sw               x9, 0(x0)            x9:8fd9b71e  PA:00000000
                2641              35 00000020 00902023 sw               x9, 0(x0)            x9:8fd9b71e  PA:00000000
                2661              36 00000024 00902023 sw               x9, 0(x0)            x9:8fd9b71e  PA:00000000
                2681              37 00000028 00902023 sw               x9, 0(x0)            x9:8fd9b71e  PA:00000000
                2701              38 0000002c 00902023 sw               x9, 0(x0)            x9:8fd9b71e  PA:00000000
                2721              39 00000030 00902023 sw               x9, 0(x0)            x9:8fd9b71e  PA:00000000
                2741              40 00000034 00902023 sw               x9, 0(x0)            x9:8fd9b71e  PA:00000000
                2761              41 00000038 00902023 sw               x9, 0(x0)            x9:8fd9b71e  PA:00000000
                2781              42 0000003c 00902023 sw               x9, 0(x0)            x9:8fd9b71e  PA:00000000
                2801              43 00000040 00902023 sw               x9, 0(x0)            x9:8fd9b71e  PA:00000000
                2821              44 00000044 00902023 sw               x9, 0(x0)            x9:8fd9b71e
                2961               4 00000000 00902023 sw               x9, 0(x0)            x9:00000000  PA:00000000
                2981               5 00000004 00902023 sw               x9, 0(x0)            x9:00000000  PA:00000000
                3001               6 00000008 00902023 sw               x9, 0(x0)            x9:00000000  PA:00000000
                3021               7 0000000c 00902023 sw               x9, 0(x0)            x9:00000000  PA:00000000
                3041               8 00000010 00902023 sw               x9, 0(x0)            x9:00000000  PA:00000000
                3061               9 00000014 00902023 sw               x9, 0(x0)            x9:00000000  PA:00000000
                3081              10 00000018 00902023 sw               x9, 0(x0)            x9:00000000  PA:00000000
                3101              11 0000001c 00902023 sw               x9, 0(x0)            x9:00000000  PA:00000000
                3121              12 00000020 00002003 lw               x0, 0(x0)            PA:00000000
                3221              17 00000000 00002003 lw               x0, 0(x0)            PA:00000000
                3321              22 00000000 00000ab3 add              x21, x0, x0         x21=00000000
                3421              27 00000000 01502023 sw               x21, 0(x0)          x21:00000000  PA:00000000
                3441              28 00000004 01502023 sw               x21, 0(x0)          x21:00000000  PA:00000000
                3461              29 00000008 01502023 sw               x21, 0(x0)          x21:00000000  PA:00000000
                3481              30 0000000c 01502023 sw               x21, 0(x0)          x21:00000000  PA:00000000
                3501              31 00000010 01502023 sw               x21, 0(x0)          x21:00000000  PA:00000000
                3521              32 00000014 01502023 sw               x21, 0(x0)          x21:00000000  PA:00000000
                3541              33 00000018 01502023 sw               x21, 0(x0)          x21:00000000  PA:00000000
                3561              34 0000001c 01502023 sw               x21, 0(x0)          x21:00000000  PA:00000000
                3581              35 00000020 01502023 sw               x21, 0(x0)          x21:00000000  PA:00000000
                3601              36 00000024 01502023 sw               x21, 0(x0)          x21:00000000  PA:00000000
                3621              37 00000028 01502023 sw               x21, 0(x0)          x21:00000000  PA:00000000
                3641              38 0000002c 01502023 sw               x21, 0(x0)          x21:00000000  PA:00000000
                3661              39 00000030 01502023 sw               x21, 0(x0)          x21:00000000  PA:00000000
                3681              40 00000034 01502023 sw               x21, 0(x0)          x21:00000000  PA:00000000
                3701              41 00000038 01502023 sw               x21, 0(x0)          x21:00000000  PA:00000000
                3721              42 0000003c 01502023 sw               x21, 0(x0)          x21:00000000  PA:00000000
                3741              43 00000040 01502023 sw               x21, 0(x0)          x21:00000000  PA:00000000
                3761              44 00000044 01502023 sw               x21, 0(x0)          x21:00000000
                3901               4 00000000 01502023 sw               x21, 0(x0)          x21:00000000  PA:00000000
                3921               5 00000004 01502023 sw               x21, 0(x0)          x21:00000000  PA:00000000
                3941               6 00000008 01502023 sw               x21, 0(x0)          x21:00000000  PA:00000000
                3961               7 0000000c 01502023 sw               x21, 0(x0)          x21:00000000  PA:00000000
                3981               8 00000010 01502023 sw               x21, 0(x0)          x21:00000000  PA:00000000
                4001               9 00000014 01502023 sw               x21, 0(x0)          x21:00000000  PA:00000000
                4021              10 00000018 01502023 sw               x21, 0(x0)          x21:00000000  PA:00000000
                4041              11 0000001c 01502023 sw               x21, 0(x0)          x21:00000000  PA:00000000
                4061              12 00000020 00002b03 lw               x22, 0(x0)          x22=cecccc9d  PA:00000000
                4161              17 00000000 00002183 lw               x3, 0(x0)            x3=8983b813  PA:00000000
                4261              22 00000000 003b02b3 add              x5, x22, x3          x5=585084b0 x22:cecccc9d  x3:8983b813
                4361              27 00000000 00502023 sw               x5, 0(x0)            x5:585084b0  PA:00000000
                4381              28 00000004 00502023 sw               x5, 0(x0)            x5:585084b0  PA:00000000
                4401              29 00000008 00502023 sw               x5, 0(x0)            x5:585084b0  PA:00000000
                4421              30 0000000c 00502023 sw               x5, 0(x0)            x5:585084b0  PA:00000000
                4441              31 00000010 00502023 sw               x5, 0(x0)            x5:585084b0  PA:00000000
                4461              32 00000014 00502023 sw               x5, 0(x0)            x5:585084b0  PA:00000000
                4481              33 00000018 00502023 sw               x5, 0(x0)            x5:585084b0  PA:00000000
                4501              34 0000001c 00502023 sw               x5, 0(x0)            x5:585084b0  PA:00000000
                4521              35 00000020 00502023 sw               x5, 0(x0)            x5:585084b0  PA:00000000
                4541              36 00000024 00502023 sw               x5, 0(x0)            x5:585084b0  PA:00000000
                4561              37 00000028 00502023 sw               x5, 0(x0)            x5:585084b0  PA:00000000
                4581              38 0000002c 00502023 sw               x5, 0(x0)            x5:585084b0  PA:00000000
                4601              39 00000030 00502023 sw               x5, 0(x0)            x5:585084b0  PA:00000000
                4621              40 00000034 00502023 sw               x5, 0(x0)            x5:585084b0  PA:00000000
                4641              41 00000038 00502023 sw               x5, 0(x0)            x5:585084b0  PA:00000000
                4661              42 0000003c 00502023 sw               x5, 0(x0)            x5:585084b0  PA:00000000
                4681              43 00000040 00502023 sw               x5, 0(x0)            x5:585084b0  PA:00000000
                4701              44 00000044 00502023 sw               x5, 0(x0)            x5:585084b0
                4841               4 00000000 00502023 sw               x5, 0(x0)            x5:00000000  PA:00000000
                4861               5 00000004 00502023 sw               x5, 0(x0)            x5:00000000  PA:00000000
                4881               6 00000008 00502023 sw               x5, 0(x0)            x5:00000000  PA:00000000
                4901               7 0000000c 00502023 sw               x5, 0(x0)            x5:00000000  PA:00000000
                4921               8 00000010 00502023 sw               x5, 0(x0)            x5:00000000  PA:00000000
                4941               9 00000014 00502023 sw               x5, 0(x0)            x5:00000000  PA:00000000
                4961              10 00000018 00502023 sw               x5, 0(x0)            x5:00000000  PA:00000000
                4981              11 0000001c 00502023 sw               x5, 0(x0)            x5:00000000  PA:00000000
                5001              12 00000020 00002f83 lw               x31, 0(x0)          x31=d7563eae  PA:00000000
                5101              17 00000000 00002c83 lw               x25, 0(x0)          x25=e7c572cf  PA:00000000
                5201              22 00000000 019f8d33 add              x26, x31, x25       x26=bf1bb17d x31:d7563eae x25:e7c572cf
                5301              27 00000000 01a02023 sw               x26, 0(x0)          x26:bf1bb17d  PA:00000000
                5321              28 00000004 01a02023 sw               x26, 0(x0)          x26:bf1bb17d  PA:00000000
                5341              29 00000008 01a02023 sw               x26, 0(x0)          x26:bf1bb17d  PA:00000000
                5361              30 0000000c 01a02023 sw               x26, 0(x0)          x26:bf1bb17d  PA:00000000
                5381              31 00000010 01a02023 sw               x26, 0(x0)          x26:bf1bb17d  PA:00000000
                5401              32 00000014 01a02023 sw               x26, 0(x0)          x26:bf1bb17d  PA:00000000
                5421              33 00000018 01a02023 sw               x26, 0(x0)          x26:bf1bb17d  PA:00000000
                5441              34 0000001c 01a02023 sw               x26, 0(x0)          x26:bf1bb17d  PA:00000000
                5461              35 00000020 01a02023 sw               x26, 0(x0)          x26:bf1bb17d  PA:00000000
                5481              36 00000024 01a02023 sw               x26, 0(x0)          x26:bf1bb17d  PA:00000000
                5501              37 00000028 01a02023 sw               x26, 0(x0)          x26:bf1bb17d  PA:00000000
                5521              38 0000002c 01a02023 sw               x26, 0(x0)          x26:bf1bb17d  PA:00000000
                5541              39 00000030 01a02023 sw               x26, 0(x0)          x26:bf1bb17d  PA:00000000
                5561              40 00000034 01a02023 sw               x26, 0(x0)          x26:bf1bb17d  PA:00000000
                5581              41 00000038 01a02023 sw               x26, 0(x0)          x26:bf1bb17d  PA:00000000
                5601              42 0000003c 01a02023 sw               x26, 0(x0)          x26:bf1bb17d  PA:00000000
                5621              43 00000040 01a02023 sw               x26, 0(x0)          x26:bf1bb17d  PA:00000000
                5641              44 00000044 01a02023 sw               x26, 0(x0)          x26:bf1bb17d
                5781               4 00000000 01a02023 sw               x26, 0(x0)          x26:00000000  PA:00000000
                5801               5 00000004 01a02023 sw               x26, 0(x0)          x26:00000000  PA:00000000
                5821               6 00000008 01a02023 sw               x26, 0(x0)          x26:00000000  PA:00000000
                5841               7 0000000c 01a02023 sw               x26, 0(x0)          x26:00000000  PA:00000000
                5861               8 00000010 01a02023 sw               x26, 0(x0)          x26:00000000  PA:00000000
                5881               9 00000014 01a02023 sw               x26, 0(x0)          x26:00000000  PA:00000000
                5901              10 00000018 01a02023 sw               x26, 0(x0)          x26:00000000  PA:00000000
                5921              11 0000001c 01a02023 sw               x26, 0(x0)          x26:00000000  PA:00000000
                5941              12 00000020 00002303 lw               x6, 0(x0)            x6=452e618a  PA:00000000
                6041              17 00000000 00002b83 lw               x23, 0(x0)          x23=ec4b34d8  PA:00000000
                6141              22 00000000 01730ab3 add              x21, x6, x23        x21=31799662  x6:452e618a x23:ec4b34d8
                6241              27 00000000 01502023 sw               x21, 0(x0)          x21:31799662  PA:00000000
                6261              28 00000004 01502023 sw               x21, 0(x0)          x21:31799662  PA:00000000
                6281              29 00000008 01502023 sw               x21, 0(x0)          x21:31799662  PA:00000000
                6301              30 0000000c 01502023 sw               x21, 0(x0)          x21:31799662  PA:00000000
                6321              31 00000010 01502023 sw               x21, 0(x0)          x21:31799662  PA:00000000
                6341              32 00000014 01502023 sw               x21, 0(x0)          x21:31799662  PA:00000000
                6361              33 00000018 01502023 sw               x21, 0(x0)          x21:31799662  PA:00000000
                6381              34 0000001c 01502023 sw               x21, 0(x0)          x21:31799662  PA:00000000
                6401              35 00000020 01502023 sw               x21, 0(x0)          x21:31799662  PA:00000000
                6421              36 00000024 01502023 sw               x21, 0(x0)          x21:31799662  PA:00000000
                6441              37 00000028 01502023 sw               x21, 0(x0)          x21:31799662  PA:00000000
                6461              38 0000002c 01502023 sw               x21, 0(x0)          x21:31799662  PA:00000000
                6481              39 00000030 01502023 sw               x21, 0(x0)          x21:31799662  PA:00000000
                6501              40 00000034 01502023 sw               x21, 0(x0)          x21:31799662  PA:00000000
                6521              41 00000038 01502023 sw               x21, 0(x0)          x21:31799662  PA:00000000
                6541              42 0000003c 01502023 sw               x21, 0(x0)          x21:31799662  PA:00000000
                6561              43 00000040 01502023 sw               x21, 0(x0)          x21:31799662  PA:00000000
                6581              44 00000044 01502023 sw               x21, 0(x0)          x21:31799662
                6721               4 00000000 01502023 sw               x21, 0(x0)          x21:00000000  PA:00000000
                6741               5 00000004 01502023 sw               x21, 0(x0)          x21:00000000  PA:00000000
                6761               6 00000008 01502023 sw               x21, 0(x0)          x21:00000000  PA:00000000
                6781               7 0000000c 01502023 sw               x21, 0(x0)          x21:00000000  PA:00000000
                6801               8 00000010 01502023 sw               x21, 0(x0)          x21:00000000  PA:00000000
                6821               9 00000014 01502023 sw               x21, 0(x0)          x21:00000000  PA:00000000
                6841              10 00000018 01502023 sw               x21, 0(x0)          x21:00000000  PA:00000000
                6861              11 0000001c 01502023 sw               x21, 0(x0)          x21:00000000  PA:00000000
                6881              12 00000020 00002503 lw               x10, 0(x0)          x10=571513ae  PA:00000000
                6981              17 00000000 00002e03 lw               x28, 0(x0)          x28=150fdd2a  PA:00000000
                7081              22 00000000 01c50db3 add              x27, x10, x28       x27=6c24f0d8 x10:571513ae x28:150fdd2a
                7181              27 00000000 01b02023 sw               x27, 0(x0)          x27:6c24f0d8  PA:00000000
                7201              28 00000004 01b02023 sw               x27, 0(x0)          x27:6c24f0d8  PA:00000000
                7221              29 00000008 01b02023 sw               x27, 0(x0)          x27:6c24f0d8  PA:00000000
                7241              30 0000000c 01b02023 sw               x27, 0(x0)          x27:6c24f0d8  PA:00000000
                7261              31 00000010 01b02023 sw               x27, 0(x0)          x27:6c24f0d8  PA:00000000
                7281              32 00000014 01b02023 sw               x27, 0(x0)          x27:6c24f0d8  PA:00000000
                7301              33 00000018 01b02023 sw               x27, 0(x0)          x27:6c24f0d8  PA:00000000
                7321              34 0000001c 01b02023 sw               x27, 0(x0)          x27:6c24f0d8  PA:00000000
                7341              35 00000020 01b02023 sw               x27, 0(x0)          x27:6c24f0d8  PA:00000000
                7361              36 00000024 01b02023 sw               x27, 0(x0)          x27:6c24f0d8  PA:00000000
                7381              37 00000028 01b02023 sw               x27, 0(x0)          x27:6c24f0d8  PA:00000000
                7401              38 0000002c 01b02023 sw               x27, 0(x0)          x27:6c24f0d8  PA:00000000
                7421              39 00000030 01b02023 sw               x27, 0(x0)          x27:6c24f0d8  PA:00000000
                7441              40 00000034 01b02023 sw               x27, 0(x0)          x27:6c24f0d8  PA:00000000
                7461              41 00000038 01b02023 sw               x27, 0(x0)          x27:6c24f0d8  PA:00000000
                7481              42 0000003c 01b02023 sw               x27, 0(x0)          x27:6c24f0d8  PA:00000000
                7501              43 00000040 01b02023 sw               x27, 0(x0)          x27:6c24f0d8  PA:00000000
                7521              44 00000044 01b02023 sw               x27, 0(x0)          x27:6c24f0d8
                7661               4 00000000 01b02023 sw               x27, 0(x0)          x27:00000000  PA:00000000
                7681               5 00000004 01b02023 sw               x27, 0(x0)          x27:00000000  PA:00000000
                7701               6 00000008 01b02023 sw               x27, 0(x0)          x27:00000000  PA:00000000
                7721               7 0000000c 01b02023 sw               x27, 0(x0)          x27:00000000  PA:00000000
                7741               8 00000010 01b02023 sw               x27, 0(x0)          x27:00000000  PA:00000000
                7761               9 00000014 01b02023 sw               x27, 0(x0)          x27:00000000  PA:00000000
                7781              10 00000018 01b02023 sw               x27, 0(x0)          x27:00000000  PA:00000000
                7801              11 0000001c 01b02023 sw               x27, 0(x0)          x27:00000000  PA:00000000
                7821              12 00000020 00002203 lw               x4, 0(x0)            x4=1d06333a  PA:00000000
                7921              17 00000000 00002783 lw               x15, 0(x0)          x15=0aaa4b15  PA:00000000
                8021              22 00000000 00f201b3 add              x3, x4, x15          x3=27b07e4f  x4:1d06333a x15:0aaa4b15
                8121              27 00000000 00302023 sw               x3, 0(x0)            x3:27b07e4f  PA:00000000
                8141              28 00000004 00302023 sw               x3, 0(x0)            x3:27b07e4f  PA:00000000
                8161              29 00000008 00302023 sw               x3, 0(x0)            x3:27b07e4f  PA:00000000
                8181              30 0000000c 00302023 sw               x3, 0(x0)            x3:27b07e4f  PA:00000000
                8201              31 00000010 00302023 sw               x3, 0(x0)            x3:27b07e4f  PA:00000000
                8221              32 00000014 00302023 sw               x3, 0(x0)            x3:27b07e4f  PA:00000000
                8241              33 00000018 00302023 sw               x3, 0(x0)            x3:27b07e4f  PA:00000000
                8261              34 0000001c 00302023 sw               x3, 0(x0)            x3:27b07e4f  PA:00000000
                8281              35 00000020 00302023 sw               x3, 0(x0)            x3:27b07e4f  PA:00000000
                8301              36 00000024 00302023 sw               x3, 0(x0)            x3:27b07e4f  PA:00000000
                8321              37 00000028 00302023 sw               x3, 0(x0)            x3:27b07e4f  PA:00000000
                8341              38 0000002c 00302023 sw               x3, 0(x0)            x3:27b07e4f  PA:00000000
                8361              39 00000030 00302023 sw               x3, 0(x0)            x3:27b07e4f  PA:00000000
                8381              40 00000034 00302023 sw               x3, 0(x0)            x3:27b07e4f  PA:00000000
                8401              41 00000038 00302023 sw               x3, 0(x0)            x3:27b07e4f  PA:00000000
                8421              42 0000003c 00302023 sw               x3, 0(x0)            x3:27b07e4f  PA:00000000
                8441              43 00000040 00302023 sw               x3, 0(x0)            x3:27b07e4f  PA:00000000
                8461              44 00000044 00302023 sw               x3, 0(x0)            x3:27b07e4f
                8601               4 00000000 00302023 sw               x3, 0(x0)            x3:00000000  PA:00000000
                8621               5 00000004 00302023 sw               x3, 0(x0)            x3:00000000  PA:00000000
                8641               6 00000008 00302023 sw               x3, 0(x0)            x3:00000000  PA:00000000
                8661               7 0000000c 00302023 sw               x3, 0(x0)            x3:00000000  PA:00000000
                8681               8 00000010 00302023 sw               x3, 0(x0)            x3:00000000  PA:00000000
                8701               9 00000014 00302023 sw               x3, 0(x0)            x3:00000000  PA:00000000
                8721              10 00000018 00302023 sw               x3, 0(x0)            x3:00000000  PA:00000000
                8741              11 0000001c 00302023 sw               x3, 0(x0)            x3:00000000  PA:00000000
                8761              12 00000020 00002303 lw               x6, 0(x0)            x6=47b9a18f  PA:00000000
                8861              17 00000000 00002903 lw               x18, 0(x0)          x18=dbcd60b7  PA:00000000
                8961              22 00000000 01230733 add              x14, x6, x18        x14=23870246  x6:47b9a18f x18:dbcd60b7
                9061              27 00000000 00e02023 sw               x14, 0(x0)          x14:23870246  PA:00000000
                9081              28 00000004 00e02023 sw               x14, 0(x0)          x14:23870246  PA:00000000
                9101              29 00000008 00e02023 sw               x14, 0(x0)          x14:23870246  PA:00000000
                9121              30 0000000c 00e02023 sw               x14, 0(x0)          x14:23870246  PA:00000000
                9141              31 00000010 00e02023 sw               x14, 0(x0)          x14:23870246  PA:00000000
                9161              32 00000014 00e02023 sw               x14, 0(x0)          x14:23870246  PA:00000000
                9181              33 00000018 00e02023 sw               x14, 0(x0)          x14:23870246  PA:00000000
                9201              34 0000001c 00e02023 sw               x14, 0(x0)          x14:23870246  PA:00000000
                9221              35 00000020 00e02023 sw               x14, 0(x0)          x14:23870246  PA:00000000
                9241              36 00000024 00e02023 sw               x14, 0(x0)          x14:23870246  PA:00000000
                9261              37 00000028 00e02023 sw               x14, 0(x0)          x14:23870246  PA:00000000
                9281              38 0000002c 00e02023 sw               x14, 0(x0)          x14:23870246  PA:00000000
                9301              39 00000030 00e02023 sw               x14, 0(x0)          x14:23870246  PA:00000000
                9321              40 00000034 00e02023 sw               x14, 0(x0)          x14:23870246  PA:00000000
                9341              41 00000038 00e02023 sw               x14, 0(x0)          x14:23870246  PA:00000000
